2026-01-08 14:09:51,968 [Worker-3: Loading available Gradle versions] INFO  o.e.b.c.i.u.g.PublishedGradleVersions - Gradle version information cache is not available. Remote download required.
2026-01-08 14:14:35,478 [Worker-5: Import Getting Started Content] INFO  o.e.m.c.i.e.AbstractTransferListenerAdapter - Downloading https://repo.spring.io/snapshot/org/springframework/boot/spring-boot-starter-parent/4.0.2-SNAPSHOT/maven-metadata.xml
2026-01-08 14:14:35,513 [Worker-5: Import Getting Started Content] INFO  o.e.m.c.i.e.AbstractTransferListenerAdapter - Downloaded https://repo.spring.io/snapshot/org/springframework/boot/spring-boot-starter-parent/4.0.2-SNAPSHOT/maven-metadata.xml
2026-01-08 14:14:36,040 [Worker-5: Import Getting Started Content] INFO  o.e.m.c.i.e.AbstractTransferListenerAdapter - Downloading https://repo.spring.io/snapshot/org/springframework/boot/spring-boot-starter-parent/4.0.2-SNAPSHOT/spring-boot-starter-parent-4.0.2-20260108.020442-26.pom
2026-01-08 14:14:36,457 [Worker-5: Import Getting Started Content] INFO  o.e.m.c.i.e.AbstractTransferListenerAdapter - Downloaded https://repo.spring.io/snapshot/org/springframework/boot/spring-boot-starter-parent/4.0.2-SNAPSHOT/spring-boot-starter-parent-4.0.2-20260108.020442-26.pom
2026-01-08 14:14:36,963 [Worker-5: Import Getting Started Content] INFO  o.e.m.c.i.e.AbstractTransferListenerAdapter - Downloading https://repo.spring.io/snapshot/org/springframework/boot/spring-boot-dependencies/4.0.2-SNAPSHOT/maven-metadata.xml
2026-01-08 14:14:36,989 [Worker-5: Import Getting Started Content] INFO  o.e.m.c.i.e.AbstractTransferListenerAdapter - Downloaded https://repo.spring.io/snapshot/org/springframework/boot/spring-boot-dependencies/4.0.2-SNAPSHOT/maven-metadata.xml
2026-01-08 14:14:37,374 [Worker-5: Import Getting Started Content] INFO  o.e.m.c.i.e.AbstractTransferListenerAdapter - Downloading https://repo.spring.io/snapshot/org/springframework/boot/spring-boot-dependencies/4.0.2-SNAPSHOT/spring-boot-dependencies-4.0.2-20260108.020442-26.pom
2026-01-08 14:14:38,715 [Worker-5: Import Getting Started Content] INFO  o.e.m.c.i.e.AbstractTransferListenerAdapter - Downloaded https://repo.spring.io/snapshot/org/springframework/boot/spring-boot-dependencies/4.0.2-SNAPSHOT/spring-boot-dependencies-4.0.2-20260108.020442-26.pom
2026-01-08 14:14:40,858 [Worker-5: Import Getting Started Content] INFO  o.e.m.c.i.e.AbstractTransferListenerAdapter - Downloading https://repo.spring.io/snapshot/org/springframework/boot/spring-boot-maven-plugin/4.0.2-SNAPSHOT/maven-metadata.xml
2026-01-08 14:14:40,886 [Worker-5: Import Getting Started Content] INFO  o.e.m.c.i.e.AbstractTransferListenerAdapter - Downloaded https://repo.spring.io/snapshot/org/springframework/boot/spring-boot-maven-plugin/4.0.2-SNAPSHOT/maven-metadata.xml
2026-01-08 14:14:41,471 [Worker-5: Import Getting Started Content] INFO  o.e.m.c.i.e.AbstractTransferListenerAdapter - Downloading https://repo.spring.io/snapshot/org/springframework/boot/spring-boot-maven-plugin/4.0.2-SNAPSHOT/spring-boot-maven-plugin-4.0.2-20260108.020442-26.pom
2026-01-08 14:14:41,510 [Worker-5: Import Getting Started Content] INFO  o.e.m.c.i.e.AbstractTransferListenerAdapter - Downloaded https://repo.spring.io/snapshot/org/springframework/boot/spring-boot-maven-plugin/4.0.2-SNAPSHOT/spring-boot-maven-plugin-4.0.2-20260108.020442-26.pom
2026-01-08 14:14:42,087 [Worker-5: Import Getting Started Content] INFO  o.e.m.c.i.e.AbstractTransferListenerAdapter - Downloading https://repo.spring.io/snapshot/org/springframework/boot/spring-boot-maven-plugin/4.0.2-SNAPSHOT/spring-boot-maven-plugin-4.0.2-20260108.020442-26.jar
2026-01-08 14:14:43,775 [Worker-5: Import Getting Started Content] INFO  o.e.m.c.i.e.AbstractTransferListenerAdapter - Downloaded https://repo.spring.io/snapshot/org/springframework/boot/spring-boot-maven-plugin/4.0.2-SNAPSHOT/spring-boot-maven-plugin-4.0.2-20260108.020442-26.jar
2026-01-08 14:14:45,661 [Worker-5: Import Getting Started Content] INFO  o.e.m.c.i.l.LifecycleMappingFactory - Using org.eclipse.m2e.jdt.JarLifecycleMapping lifecycle mapping for MavenProject: com.codeassigements:codeassigements:0.0.1-SNAPSHOT @ D:\CodingAssignment\project\codeassigements\pom.xml.
2026-01-08 14:14:46,280 [Worker-5: Import Getting Started Content] INFO  o.e.m.c.i.e.AbstractTransferListenerAdapter - Downloading https://repo.spring.io/snapshot/org/springframework/boot/spring-boot-starter-webmvc/4.0.2-SNAPSHOT/maven-metadata.xml
2026-01-08 14:14:46,292 [Worker-5: Import Getting Started Content] INFO  o.e.m.c.i.e.AbstractTransferListenerAdapter - Downloaded https://repo.spring.io/snapshot/org/springframework/boot/spring-boot-starter-webmvc/4.0.2-SNAPSHOT/maven-metadata.xml
2026-01-08 14:14:46,899 [Worker-5: Import Getting Started Content] INFO  o.e.m.c.i.e.AbstractTransferListenerAdapter - Downloading https://repo.spring.io/snapshot/org/springframework/boot/spring-boot-starter-webmvc/4.0.2-SNAPSHOT/spring-boot-starter-webmvc-4.0.2-20260108.020442-26.pom
2026-01-08 14:14:46,928 [Worker-5: Import Getting Started Content] INFO  o.e.m.c.i.e.AbstractTransferListenerAdapter - Downloaded https://repo.spring.io/snapshot/org/springframework/boot/spring-boot-starter-webmvc/4.0.2-SNAPSHOT/spring-boot-starter-webmvc-4.0.2-20260108.020442-26.pom
2026-01-08 14:14:47,308 [Worker-5: Import Getting Started Content] INFO  o.e.m.c.i.e.AbstractTransferListenerAdapter - Downloading https://repo.spring.io/snapshot/org/springframework/boot/spring-boot-starter/4.0.2-SNAPSHOT/maven-metadata.xml
2026-01-08 14:14:47,349 [Worker-5: Import Getting Started Content] INFO  o.e.m.c.i.e.AbstractTransferListenerAdapter - Downloaded https://repo.spring.io/snapshot/org/springframework/boot/spring-boot-starter/4.0.2-SNAPSHOT/maven-metadata.xml
2026-01-08 14:14:47,718 [Worker-5: Import Getting Started Content] INFO  o.e.m.c.i.e.AbstractTransferListenerAdapter - Downloading https://repo.spring.io/snapshot/org/springframework/boot/spring-boot-starter/4.0.2-SNAPSHOT/spring-boot-starter-4.0.2-20260108.020442-26.pom
2026-01-08 14:14:47,761 [Worker-5: Import Getting Started Content] INFO  o.e.m.c.i.e.AbstractTransferListenerAdapter - Downloaded https://repo.spring.io/snapshot/org/springframework/boot/spring-boot-starter/4.0.2-SNAPSHOT/spring-boot-starter-4.0.2-20260108.020442-26.pom
2026-01-08 14:14:48,162 [Worker-5: Import Getting Started Content] INFO  o.e.m.c.i.e.AbstractTransferListenerAdapter - Downloading https://repo.spring.io/snapshot/org/springframework/boot/spring-boot-starter-logging/4.0.2-SNAPSHOT/maven-metadata.xml
2026-01-08 14:14:48,199 [Worker-5: Import Getting Started Content] INFO  o.e.m.c.i.e.AbstractTransferListenerAdapter - Downloaded https://repo.spring.io/snapshot/org/springframework/boot/spring-boot-starter-logging/4.0.2-SNAPSHOT/maven-metadata.xml
2026-01-08 14:14:48,661 [Worker-5: Import Getting Started Content] INFO  o.e.m.c.i.e.AbstractTransferListenerAdapter - Downloading https://repo.spring.io/snapshot/org/springframework/boot/spring-boot-starter-logging/4.0.2-SNAPSHOT/spring-boot-starter-logging-4.0.2-20260108.020442-26.pom
2026-01-08 14:14:48,679 [Worker-5: Import Getting Started Content] INFO  o.e.m.c.i.e.AbstractTransferListenerAdapter - Downloaded https://repo.spring.io/snapshot/org/springframework/boot/spring-boot-starter-logging/4.0.2-SNAPSHOT/spring-boot-starter-logging-4.0.2-20260108.020442-26.pom
2026-01-08 14:14:49,353 [Worker-5: Import Getting Started Content] INFO  o.e.m.c.i.e.AbstractTransferListenerAdapter - Downloading https://repo.spring.io/snapshot/org/springframework/boot/spring-boot-autoconfigure/4.0.2-SNAPSHOT/maven-metadata.xml
2026-01-08 14:14:49,380 [Worker-5: Import Getting Started Content] INFO  o.e.m.c.i.e.AbstractTransferListenerAdapter - Downloaded https://repo.spring.io/snapshot/org/springframework/boot/spring-boot-autoconfigure/4.0.2-SNAPSHOT/maven-metadata.xml
2026-01-08 14:14:49,729 [Worker-5: Import Getting Started Content] INFO  o.e.m.c.i.e.AbstractTransferListenerAdapter - Downloading https://repo.spring.io/snapshot/org/springframework/boot/spring-boot-autoconfigure/4.0.2-SNAPSHOT/spring-boot-autoconfigure-4.0.2-20260108.020442-26.pom
2026-01-08 14:14:49,764 [Worker-5: Import Getting Started Content] INFO  o.e.m.c.i.e.AbstractTransferListenerAdapter - Downloaded https://repo.spring.io/snapshot/org/springframework/boot/spring-boot-autoconfigure/4.0.2-SNAPSHOT/spring-boot-autoconfigure-4.0.2-20260108.020442-26.pom
2026-01-08 14:14:50,171 [Worker-5: Import Getting Started Content] INFO  o.e.m.c.i.e.AbstractTransferListenerAdapter - Downloading https://repo.spring.io/snapshot/org/springframework/boot/spring-boot/4.0.2-SNAPSHOT/maven-metadata.xml
2026-01-08 14:14:50,200 [Worker-5: Import Getting Started Content] INFO  o.e.m.c.i.e.AbstractTransferListenerAdapter - Downloaded https://repo.spring.io/snapshot/org/springframework/boot/spring-boot/4.0.2-SNAPSHOT/maven-metadata.xml
2026-01-08 14:14:50,533 [Worker-5: Import Getting Started Content] INFO  o.e.m.c.i.e.AbstractTransferListenerAdapter - Downloading https://repo.spring.io/snapshot/org/springframework/boot/spring-boot/4.0.2-SNAPSHOT/spring-boot-4.0.2-20260108.020442-26.pom
2026-01-08 14:14:50,590 [Worker-5: Import Getting Started Content] INFO  o.e.m.c.i.e.AbstractTransferListenerAdapter - Downloaded https://repo.spring.io/snapshot/org/springframework/boot/spring-boot/4.0.2-SNAPSHOT/spring-boot-4.0.2-20260108.020442-26.pom
2026-01-08 14:14:51,385 [Worker-5: Import Getting Started Content] INFO  o.e.m.c.i.e.AbstractTransferListenerAdapter - Downloading https://repo.spring.io/snapshot/org/springframework/boot/spring-boot-starter-jackson/4.0.2-SNAPSHOT/maven-metadata.xml
2026-01-08 14:14:51,431 [Worker-5: Import Getting Started Content] INFO  o.e.m.c.i.e.AbstractTransferListenerAdapter - Downloaded https://repo.spring.io/snapshot/org/springframework/boot/spring-boot-starter-jackson/4.0.2-SNAPSHOT/maven-metadata.xml
2026-01-08 14:14:51,809 [Worker-5: Import Getting Started Content] INFO  o.e.m.c.i.e.AbstractTransferListenerAdapter - Downloading https://repo.spring.io/snapshot/org/springframework/boot/spring-boot-starter-jackson/4.0.2-SNAPSHOT/spring-boot-starter-jackson-4.0.2-20260108.020442-26.pom
2026-01-08 14:14:51,817 [Worker-5: Import Getting Started Content] INFO  o.e.m.c.i.e.AbstractTransferListenerAdapter - Downloaded https://repo.spring.io/snapshot/org/springframework/boot/spring-boot-starter-jackson/4.0.2-SNAPSHOT/spring-boot-starter-jackson-4.0.2-20260108.020442-26.pom
2026-01-08 14:14:52,324 [Worker-5: Import Getting Started Content] INFO  o.e.m.c.i.e.AbstractTransferListenerAdapter - Downloading https://repo.spring.io/snapshot/org/springframework/boot/spring-boot-jackson/4.0.2-SNAPSHOT/maven-metadata.xml
2026-01-08 14:14:52,356 [Worker-5: Import Getting Started Content] INFO  o.e.m.c.i.e.AbstractTransferListenerAdapter - Downloaded https://repo.spring.io/snapshot/org/springframework/boot/spring-boot-jackson/4.0.2-SNAPSHOT/maven-metadata.xml
2026-01-08 14:14:52,940 [Worker-5: Import Getting Started Content] INFO  o.e.m.c.i.e.AbstractTransferListenerAdapter - Downloading https://repo.spring.io/snapshot/org/springframework/boot/spring-boot-jackson/4.0.2-SNAPSHOT/spring-boot-jackson-4.0.2-20260108.020442-26.pom
2026-01-08 14:14:52,984 [Worker-5: Import Getting Started Content] INFO  o.e.m.c.i.e.AbstractTransferListenerAdapter - Downloaded https://repo.spring.io/snapshot/org/springframework/boot/spring-boot-jackson/4.0.2-SNAPSHOT/spring-boot-jackson-4.0.2-20260108.020442-26.pom
2026-01-08 14:14:53,652 [Worker-5: Import Getting Started Content] INFO  o.e.m.c.i.e.AbstractTransferListenerAdapter - Downloading https://repo.spring.io/snapshot/org/springframework/boot/spring-boot-starter-tomcat/4.0.2-SNAPSHOT/maven-metadata.xml
2026-01-08 14:14:53,665 [Worker-5: Import Getting Started Content] INFO  o.e.m.c.i.e.AbstractTransferListenerAdapter - Downloaded https://repo.spring.io/snapshot/org/springframework/boot/spring-boot-starter-tomcat/4.0.2-SNAPSHOT/maven-metadata.xml
2026-01-08 14:14:54,267 [Worker-5: Import Getting Started Content] INFO  o.e.m.c.i.e.AbstractTransferListenerAdapter - Downloading https://repo.spring.io/snapshot/org/springframework/boot/spring-boot-starter-tomcat/4.0.2-SNAPSHOT/spring-boot-starter-tomcat-4.0.2-20260108.020442-26.pom
2026-01-08 14:14:54,291 [Worker-5: Import Getting Started Content] INFO  o.e.m.c.i.e.AbstractTransferListenerAdapter - Downloaded https://repo.spring.io/snapshot/org/springframework/boot/spring-boot-starter-tomcat/4.0.2-SNAPSHOT/spring-boot-starter-tomcat-4.0.2-20260108.020442-26.pom
2026-01-08 14:14:54,881 [Worker-5: Import Getting Started Content] INFO  o.e.m.c.i.e.AbstractTransferListenerAdapter - Downloading https://repo.spring.io/snapshot/org/springframework/boot/spring-boot-starter-tomcat-runtime/4.0.2-SNAPSHOT/maven-metadata.xml
2026-01-08 14:14:54,887 [Worker-5: Import Getting Started Content] INFO  o.e.m.c.i.e.AbstractTransferListenerAdapter - Downloaded https://repo.spring.io/snapshot/org/springframework/boot/spring-boot-starter-tomcat-runtime/4.0.2-SNAPSHOT/maven-metadata.xml
2026-01-08 14:14:55,904 [Worker-5: Import Getting Started Content] INFO  o.e.m.c.i.e.AbstractTransferListenerAdapter - Downloading https://repo.spring.io/snapshot/org/springframework/boot/spring-boot-starter-tomcat-runtime/4.0.2-SNAPSHOT/spring-boot-starter-tomcat-runtime-4.0.2-20260108.020442-26.pom
2026-01-08 14:14:55,917 [Worker-5: Import Getting Started Content] INFO  o.e.m.c.i.e.AbstractTransferListenerAdapter - Downloaded https://repo.spring.io/snapshot/org/springframework/boot/spring-boot-starter-tomcat-runtime/4.0.2-SNAPSHOT/spring-boot-starter-tomcat-runtime-4.0.2-20260108.020442-26.pom
2026-01-08 14:14:56,519 [Worker-5: Import Getting Started Content] INFO  o.e.m.c.i.e.AbstractTransferListenerAdapter - Downloading https://repo.spring.io/snapshot/org/springframework/boot/spring-boot-tomcat/4.0.2-SNAPSHOT/maven-metadata.xml
2026-01-08 14:14:56,545 [Worker-5: Import Getting Started Content] INFO  o.e.m.c.i.e.AbstractTransferListenerAdapter - Downloaded https://repo.spring.io/snapshot/org/springframework/boot/spring-boot-tomcat/4.0.2-SNAPSHOT/maven-metadata.xml
2026-01-08 14:14:57,134 [Worker-5: Import Getting Started Content] INFO  o.e.m.c.i.e.AbstractTransferListenerAdapter - Downloading https://repo.spring.io/snapshot/org/springframework/boot/spring-boot-tomcat/4.0.2-SNAPSHOT/spring-boot-tomcat-4.0.2-20260108.020442-26.pom
2026-01-08 14:14:57,148 [Worker-5: Import Getting Started Content] INFO  o.e.m.c.i.e.AbstractTransferListenerAdapter - Downloaded https://repo.spring.io/snapshot/org/springframework/boot/spring-boot-tomcat/4.0.2-SNAPSHOT/spring-boot-tomcat-4.0.2-20260108.020442-26.pom
2026-01-08 14:14:57,748 [Worker-5: Import Getting Started Content] INFO  o.e.m.c.i.e.AbstractTransferListenerAdapter - Downloading https://repo.spring.io/snapshot/org/springframework/boot/spring-boot-web-server/4.0.2-SNAPSHOT/maven-metadata.xml
2026-01-08 14:14:57,756 [Worker-5: Import Getting Started Content] INFO  o.e.m.c.i.e.AbstractTransferListenerAdapter - Downloaded https://repo.spring.io/snapshot/org/springframework/boot/spring-boot-web-server/4.0.2-SNAPSHOT/maven-metadata.xml
2026-01-08 14:14:58,101 [Worker-5: Import Getting Started Content] INFO  o.e.m.c.i.e.AbstractTransferListenerAdapter - Downloading https://repo.spring.io/snapshot/org/springframework/boot/spring-boot-web-server/4.0.2-SNAPSHOT/spring-boot-web-server-4.0.2-20260108.020442-26.pom
2026-01-08 14:14:58,115 [Worker-5: Import Getting Started Content] INFO  o.e.m.c.i.e.AbstractTransferListenerAdapter - Downloaded https://repo.spring.io/snapshot/org/springframework/boot/spring-boot-web-server/4.0.2-SNAPSHOT/spring-boot-web-server-4.0.2-20260108.020442-26.pom
2026-01-08 14:14:58,465 [Worker-5: Import Getting Started Content] INFO  o.e.m.c.i.e.AbstractTransferListenerAdapter - Downloading https://repo.spring.io/snapshot/org/springframework/boot/spring-boot-http-converter/4.0.2-SNAPSHOT/maven-metadata.xml
2026-01-08 14:14:58,489 [Worker-5: Import Getting Started Content] INFO  o.e.m.c.i.e.AbstractTransferListenerAdapter - Downloaded https://repo.spring.io/snapshot/org/springframework/boot/spring-boot-http-converter/4.0.2-SNAPSHOT/maven-metadata.xml
2026-01-08 14:14:58,874 [Worker-5: Import Getting Started Content] INFO  o.e.m.c.i.e.AbstractTransferListenerAdapter - Downloading https://repo.spring.io/snapshot/org/springframework/boot/spring-boot-http-converter/4.0.2-SNAPSHOT/spring-boot-http-converter-4.0.2-20260108.020442-26.pom
2026-01-08 14:14:58,900 [Worker-5: Import Getting Started Content] INFO  o.e.m.c.i.e.AbstractTransferListenerAdapter - Downloaded https://repo.spring.io/snapshot/org/springframework/boot/spring-boot-http-converter/4.0.2-SNAPSHOT/spring-boot-http-converter-4.0.2-20260108.020442-26.pom
2026-01-08 14:14:59,286 [Worker-5: Import Getting Started Content] INFO  o.e.m.c.i.e.AbstractTransferListenerAdapter - Downloading https://repo.spring.io/snapshot/org/springframework/boot/spring-boot-webmvc/4.0.2-SNAPSHOT/maven-metadata.xml
2026-01-08 14:14:59,310 [Worker-5: Import Getting Started Content] INFO  o.e.m.c.i.e.AbstractTransferListenerAdapter - Downloaded https://repo.spring.io/snapshot/org/springframework/boot/spring-boot-webmvc/4.0.2-SNAPSHOT/maven-metadata.xml
2026-01-08 14:14:59,700 [Worker-5: Import Getting Started Content] INFO  o.e.m.c.i.e.AbstractTransferListenerAdapter - Downloading https://repo.spring.io/snapshot/org/springframework/boot/spring-boot-webmvc/4.0.2-SNAPSHOT/spring-boot-webmvc-4.0.2-20260108.020442-26.pom
2026-01-08 14:14:59,706 [Worker-5: Import Getting Started Content] INFO  o.e.m.c.i.e.AbstractTransferListenerAdapter - Downloaded https://repo.spring.io/snapshot/org/springframework/boot/spring-boot-webmvc/4.0.2-SNAPSHOT/spring-boot-webmvc-4.0.2-20260108.020442-26.pom
2026-01-08 14:15:00,096 [Worker-5: Import Getting Started Content] INFO  o.e.m.c.i.e.AbstractTransferListenerAdapter - Downloading https://repo.spring.io/snapshot/org/springframework/boot/spring-boot-servlet/4.0.2-SNAPSHOT/maven-metadata.xml
2026-01-08 14:15:00,101 [Worker-5: Import Getting Started Content] INFO  o.e.m.c.i.e.AbstractTransferListenerAdapter - Downloaded https://repo.spring.io/snapshot/org/springframework/boot/spring-boot-servlet/4.0.2-SNAPSHOT/maven-metadata.xml
2026-01-08 14:15:00,516 [Worker-5: Import Getting Started Content] INFO  o.e.m.c.i.e.AbstractTransferListenerAdapter - Downloading https://repo.spring.io/snapshot/org/springframework/boot/spring-boot-servlet/4.0.2-SNAPSHOT/spring-boot-servlet-4.0.2-20260108.020442-26.pom
2026-01-08 14:15:00,541 [Worker-5: Import Getting Started Content] INFO  o.e.m.c.i.e.AbstractTransferListenerAdapter - Downloaded https://repo.spring.io/snapshot/org/springframework/boot/spring-boot-servlet/4.0.2-SNAPSHOT/spring-boot-servlet-4.0.2-20260108.020442-26.pom
2026-01-08 14:15:01,026 [Worker-5: Import Getting Started Content] INFO  o.e.m.c.i.e.AbstractTransferListenerAdapter - Downloading https://repo.spring.io/snapshot/org/springframework/boot/spring-boot-starter-webmvc-test/4.0.2-SNAPSHOT/maven-metadata.xml
2026-01-08 14:15:01,051 [Worker-5: Import Getting Started Content] INFO  o.e.m.c.i.e.AbstractTransferListenerAdapter - Downloaded https://repo.spring.io/snapshot/org/springframework/boot/spring-boot-starter-webmvc-test/4.0.2-SNAPSHOT/maven-metadata.xml
2026-01-08 14:15:01,439 [Worker-5: Import Getting Started Content] INFO  o.e.m.c.i.e.AbstractTransferListenerAdapter - Downloading https://repo.spring.io/snapshot/org/springframework/boot/spring-boot-starter-webmvc-test/4.0.2-SNAPSHOT/spring-boot-starter-webmvc-test-4.0.2-20260108.020442-26.pom
2026-01-08 14:15:01,446 [Worker-5: Import Getting Started Content] INFO  o.e.m.c.i.e.AbstractTransferListenerAdapter - Downloaded https://repo.spring.io/snapshot/org/springframework/boot/spring-boot-starter-webmvc-test/4.0.2-SNAPSHOT/spring-boot-starter-webmvc-test-4.0.2-20260108.020442-26.pom
2026-01-08 14:15:01,946 [Worker-5: Import Getting Started Content] INFO  o.e.m.c.i.e.AbstractTransferListenerAdapter - Downloading https://repo.spring.io/snapshot/org/springframework/boot/spring-boot-starter-jackson-test/4.0.2-SNAPSHOT/maven-metadata.xml
2026-01-08 14:15:01,959 [Worker-5: Import Getting Started Content] INFO  o.e.m.c.i.e.AbstractTransferListenerAdapter - Downloaded https://repo.spring.io/snapshot/org/springframework/boot/spring-boot-starter-jackson-test/4.0.2-SNAPSHOT/maven-metadata.xml
2026-01-08 14:15:02,290 [Worker-5: Import Getting Started Content] INFO  o.e.m.c.i.e.AbstractTransferListenerAdapter - Downloading https://repo.spring.io/snapshot/org/springframework/boot/spring-boot-starter-jackson-test/4.0.2-SNAPSHOT/spring-boot-starter-jackson-test-4.0.2-20260108.020442-26.pom
2026-01-08 14:15:02,314 [Worker-5: Import Getting Started Content] INFO  o.e.m.c.i.e.AbstractTransferListenerAdapter - Downloaded https://repo.spring.io/snapshot/org/springframework/boot/spring-boot-starter-jackson-test/4.0.2-SNAPSHOT/spring-boot-starter-jackson-test-4.0.2-20260108.020442-26.pom
2026-01-08 14:15:02,868 [Worker-5: Import Getting Started Content] INFO  o.e.m.c.i.e.AbstractTransferListenerAdapter - Downloading https://repo.spring.io/snapshot/org/springframework/boot/spring-boot-starter-test/4.0.2-SNAPSHOT/maven-metadata.xml
2026-01-08 14:15:02,893 [Worker-5: Import Getting Started Content] INFO  o.e.m.c.i.e.AbstractTransferListenerAdapter - Downloaded https://repo.spring.io/snapshot/org/springframework/boot/spring-boot-starter-test/4.0.2-SNAPSHOT/maven-metadata.xml
2026-01-08 14:15:03,259 [Worker-5: Import Getting Started Content] INFO  o.e.m.c.i.e.AbstractTransferListenerAdapter - Downloading https://repo.spring.io/snapshot/org/springframework/boot/spring-boot-starter-test/4.0.2-SNAPSHOT/spring-boot-starter-test-4.0.2-20260108.020442-26.pom
2026-01-08 14:15:03,266 [Worker-5: Import Getting Started Content] INFO  o.e.m.c.i.e.AbstractTransferListenerAdapter - Downloaded https://repo.spring.io/snapshot/org/springframework/boot/spring-boot-starter-test/4.0.2-SNAPSHOT/spring-boot-starter-test-4.0.2-20260108.020442-26.pom
2026-01-08 14:15:04,921 [Worker-6: reload maven project] INFO  o.e.m.c.i.e.AbstractTransferListenerAdapter - Downloading https://repo.spring.io/snapshot/org/springframework/boot/spring-boot-test/4.0.2-SNAPSHOT/maven-metadata.xml
2026-01-08 14:15:04,971 [Worker-6: reload maven project] INFO  o.e.m.c.i.e.AbstractTransferListenerAdapter - Downloaded https://repo.spring.io/snapshot/org/springframework/boot/spring-boot-test/4.0.2-SNAPSHOT/maven-metadata.xml
2026-01-08 14:15:05,395 [Worker-6: reload maven project] INFO  o.e.m.c.i.e.AbstractTransferListenerAdapter - Downloading https://repo.spring.io/snapshot/org/springframework/boot/spring-boot-test/4.0.2-SNAPSHOT/spring-boot-test-4.0.2-20260108.020442-26.pom
2026-01-08 14:15:05,420 [Worker-6: reload maven project] INFO  o.e.m.c.i.e.AbstractTransferListenerAdapter - Downloaded https://repo.spring.io/snapshot/org/springframework/boot/spring-boot-test/4.0.2-SNAPSHOT/spring-boot-test-4.0.2-20260108.020442-26.pom
2026-01-08 14:15:05,755 [Worker-6: reload maven project] INFO  o.e.m.c.i.e.AbstractTransferListenerAdapter - Downloading https://repo.spring.io/snapshot/org/springframework/boot/spring-boot-test-autoconfigure/4.0.2-SNAPSHOT/maven-metadata.xml
2026-01-08 14:15:05,761 [Worker-6: reload maven project] INFO  o.e.m.c.i.e.AbstractTransferListenerAdapter - Downloaded https://repo.spring.io/snapshot/org/springframework/boot/spring-boot-test-autoconfigure/4.0.2-SNAPSHOT/maven-metadata.xml
2026-01-08 14:15:06,452 [Worker-6: reload maven project] INFO  o.e.m.c.i.e.AbstractTransferListenerAdapter - Downloading https://repo.spring.io/snapshot/org/springframework/boot/spring-boot-test-autoconfigure/4.0.2-SNAPSHOT/spring-boot-test-autoconfigure-4.0.2-20260108.020442-26.pom
2026-01-08 14:15:06,477 [Worker-6: reload maven project] INFO  o.e.m.c.i.e.AbstractTransferListenerAdapter - Downloaded https://repo.spring.io/snapshot/org/springframework/boot/spring-boot-test-autoconfigure/4.0.2-SNAPSHOT/spring-boot-test-autoconfigure-4.0.2-20260108.020442-26.pom
2026-01-08 14:15:07,007 [Worker-6: reload maven project] INFO  o.e.m.c.i.e.AbstractTransferListenerAdapter - Downloading https://repo.spring.io/snapshot/org/springframework/boot/spring-boot-webmvc-test/4.0.2-SNAPSHOT/maven-metadata.xml
2026-01-08 14:15:07,014 [Worker-6: reload maven project] INFO  o.e.m.c.i.e.AbstractTransferListenerAdapter - Downloaded https://repo.spring.io/snapshot/org/springframework/boot/spring-boot-webmvc-test/4.0.2-SNAPSHOT/maven-metadata.xml
2026-01-08 14:15:07,374 [Worker-6: reload maven project] INFO  o.e.m.c.i.e.AbstractTransferListenerAdapter - Downloading https://repo.spring.io/snapshot/org/springframework/boot/spring-boot-webmvc-test/4.0.2-SNAPSHOT/spring-boot-webmvc-test-4.0.2-20260108.020442-26.pom
2026-01-08 14:15:07,380 [Worker-6: reload maven project] INFO  o.e.m.c.i.e.AbstractTransferListenerAdapter - Downloaded https://repo.spring.io/snapshot/org/springframework/boot/spring-boot-webmvc-test/4.0.2-SNAPSHOT/spring-boot-webmvc-test-4.0.2-20260108.020442-26.pom
2026-01-08 14:15:08,006 [Worker-6: reload maven project] INFO  o.e.m.c.i.e.AbstractTransferListenerAdapter - Downloading https://repo.spring.io/snapshot/org/springframework/boot/spring-boot-resttestclient/4.0.2-SNAPSHOT/maven-metadata.xml
2026-01-08 14:15:08,012 [Worker-6: reload maven project] INFO  o.e.m.c.i.e.AbstractTransferListenerAdapter - Downloaded https://repo.spring.io/snapshot/org/springframework/boot/spring-boot-resttestclient/4.0.2-SNAPSHOT/maven-metadata.xml
2026-01-08 14:15:09,117 [Worker-6: reload maven project] INFO  o.e.m.c.i.e.AbstractTransferListenerAdapter - Downloading https://repo.spring.io/snapshot/org/springframework/boot/spring-boot-resttestclient/4.0.2-SNAPSHOT/spring-boot-resttestclient-4.0.2-20260108.020442-26.pom
2026-01-08 14:15:09,133 [Worker-6: reload maven project] INFO  o.e.m.c.i.e.AbstractTransferListenerAdapter - Downloaded https://repo.spring.io/snapshot/org/springframework/boot/spring-boot-resttestclient/4.0.2-SNAPSHOT/spring-boot-resttestclient-4.0.2-20260108.020442-26.pom
2026-01-08 14:15:09,732 [Worker-5: Import Getting Started Content] INFO  o.e.m.c.i.e.AbstractTransferListenerAdapter - Downloading https://repo.spring.io/snapshot/org/springframework/boot/spring-boot-starter-webmvc/4.0.2-SNAPSHOT/spring-boot-starter-webmvc-4.0.2-20260108.020442-26.jar
2026-01-08 14:15:09,767 [Worker-5: Import Getting Started Content] INFO  o.e.m.c.i.e.AbstractTransferListenerAdapter - Downloaded https://repo.spring.io/snapshot/org/springframework/boot/spring-boot-starter-webmvc/4.0.2-SNAPSHOT/spring-boot-starter-webmvc-4.0.2-20260108.020442-26.jar
2026-01-08 14:15:10,142 [BasicRepositoryConnector-repo.spring.io-0-0] INFO  o.e.m.c.i.e.AbstractTransferListenerAdapter - Downloading https://repo.spring.io/snapshot/org/springframework/boot/spring-boot-starter/4.0.2-SNAPSHOT/spring-boot-starter-4.0.2-20260108.020442-26.jar
2026-01-08 14:15:10,172 [BasicRepositoryConnector-repo.spring.io-0-0] INFO  o.e.m.c.i.e.AbstractTransferListenerAdapter - Downloaded https://repo.spring.io/snapshot/org/springframework/boot/spring-boot-starter/4.0.2-SNAPSHOT/spring-boot-starter-4.0.2-20260108.020442-26.jar
2026-01-08 14:15:10,523 [BasicRepositoryConnector-repo.spring.io-0-0] INFO  o.e.m.c.i.e.AbstractTransferListenerAdapter - Downloading https://repo.spring.io/snapshot/org/springframework/boot/spring-boot-starter-tomcat/4.0.2-SNAPSHOT/spring-boot-starter-tomcat-4.0.2-20260108.020442-26.jar
2026-01-08 14:15:10,595 [BasicRepositoryConnector-repo.spring.io-0-0] INFO  o.e.m.c.i.e.AbstractTransferListenerAdapter - Downloaded https://repo.spring.io/snapshot/org/springframework/boot/spring-boot-starter-tomcat/4.0.2-SNAPSHOT/spring-boot-starter-tomcat-4.0.2-20260108.020442-26.jar
2026-01-08 14:15:10,856 [BasicRepositoryConnector-repo.spring.io-0-1] INFO  o.e.m.c.i.e.AbstractTransferListenerAdapter - Downloading https://repo.spring.io/snapshot/org/springframework/boot/spring-boot-starter-logging/4.0.2-SNAPSHOT/spring-boot-starter-logging-4.0.2-20260108.020442-26.jar
2026-01-08 14:15:10,885 [BasicRepositoryConnector-repo.spring.io-0-1] INFO  o.e.m.c.i.e.AbstractTransferListenerAdapter - Downloaded https://repo.spring.io/snapshot/org/springframework/boot/spring-boot-starter-logging/4.0.2-SNAPSHOT/spring-boot-starter-logging-4.0.2-20260108.020442-26.jar
2026-01-08 14:15:10,921 [BasicRepositoryConnector-repo.spring.io-0-0] INFO  o.e.m.c.i.e.AbstractTransferListenerAdapter - Downloading https://repo.spring.io/snapshot/org/springframework/boot/spring-boot-starter-tomcat-runtime/4.0.2-SNAPSHOT/spring-boot-starter-tomcat-runtime-4.0.2-20260108.020442-26.jar
2026-01-08 14:15:10,936 [BasicRepositoryConnector-repo.spring.io-0-0] INFO  o.e.m.c.i.e.AbstractTransferListenerAdapter - Downloaded https://repo.spring.io/snapshot/org/springframework/boot/spring-boot-starter-tomcat-runtime/4.0.2-SNAPSHOT/spring-boot-starter-tomcat-runtime-4.0.2-20260108.020442-26.jar
2026-01-08 14:15:11,266 [BasicRepositoryConnector-repo.spring.io-0-4] INFO  o.e.m.c.i.e.AbstractTransferListenerAdapter - Downloading https://repo.spring.io/snapshot/org/springframework/boot/spring-boot-jackson/4.0.2-SNAPSHOT/spring-boot-jackson-4.0.2-20260108.020442-26.jar
2026-01-08 14:15:11,266 [BasicRepositoryConnector-repo.spring.io-0-3] INFO  o.e.m.c.i.e.AbstractTransferListenerAdapter - Downloading https://repo.spring.io/snapshot/org/springframework/boot/spring-boot-starter-jackson/4.0.2-SNAPSHOT/spring-boot-starter-jackson-4.0.2-20260108.020442-26.jar
2026-01-08 14:15:11,267 [BasicRepositoryConnector-repo.spring.io-0-1] INFO  o.e.m.c.i.e.AbstractTransferListenerAdapter - Downloading https://repo.spring.io/snapshot/org/springframework/boot/spring-boot-tomcat/4.0.2-SNAPSHOT/spring-boot-tomcat-4.0.2-20260108.020442-26.jar
2026-01-08 14:15:11,270 [BasicRepositoryConnector-repo.spring.io-0-0] INFO  o.e.m.c.i.e.AbstractTransferListenerAdapter - Downloading https://repo.spring.io/snapshot/org/springframework/boot/spring-boot-http-converter/4.0.2-SNAPSHOT/spring-boot-http-converter-4.0.2-20260108.020442-26.jar
2026-01-08 14:15:11,277 [BasicRepositoryConnector-repo.spring.io-0-3] INFO  o.e.m.c.i.e.AbstractTransferListenerAdapter - Downloaded https://repo.spring.io/snapshot/org/springframework/boot/spring-boot-starter-jackson/4.0.2-SNAPSHOT/spring-boot-starter-jackson-4.0.2-20260108.020442-26.jar
2026-01-08 14:15:12,125 [BasicRepositoryConnector-repo.spring.io-0-1] INFO  o.e.m.c.i.e.AbstractTransferListenerAdapter - Downloaded https://repo.spring.io/snapshot/org/springframework/boot/spring-boot-tomcat/4.0.2-SNAPSHOT/spring-boot-tomcat-4.0.2-20260108.020442-26.jar
2026-01-08 14:15:12,131 [BasicRepositoryConnector-repo.spring.io-0-4] INFO  o.e.m.c.i.e.AbstractTransferListenerAdapter - Downloaded https://repo.spring.io/snapshot/org/springframework/boot/spring-boot-jackson/4.0.2-SNAPSHOT/spring-boot-jackson-4.0.2-20260108.020442-26.jar
2026-01-08 14:15:12,500 [BasicRepositoryConnector-repo.spring.io-0-1] INFO  o.e.m.c.i.e.AbstractTransferListenerAdapter - Downloading https://repo.spring.io/snapshot/org/springframework/boot/spring-boot-webmvc/4.0.2-SNAPSHOT/spring-boot-webmvc-4.0.2-20260108.020442-26.jar
2026-01-08 14:15:12,509 [BasicRepositoryConnector-repo.spring.io-0-4] INFO  o.e.m.c.i.e.AbstractTransferListenerAdapter - Downloading https://repo.spring.io/snapshot/org/springframework/boot/spring-boot-servlet/4.0.2-SNAPSHOT/spring-boot-servlet-4.0.2-20260108.020442-26.jar
2026-01-08 14:15:12,546 [BasicRepositoryConnector-repo.spring.io-0-4] INFO  o.e.m.c.i.e.AbstractTransferListenerAdapter - Downloaded https://repo.spring.io/snapshot/org/springframework/boot/spring-boot-servlet/4.0.2-SNAPSHOT/spring-boot-servlet-4.0.2-20260108.020442-26.jar
2026-01-08 14:15:12,591 [BasicRepositoryConnector-repo.spring.io-0-2] INFO  o.e.m.c.i.e.AbstractTransferListenerAdapter - Downloading https://repo.spring.io/snapshot/org/springframework/boot/spring-boot-autoconfigure/4.0.2-SNAPSHOT/spring-boot-autoconfigure-4.0.2-20260108.020442-26.jar
2026-01-08 14:15:12,824 [BasicRepositoryConnector-repo.spring.io-0-0] INFO  o.e.m.c.i.e.AbstractTransferListenerAdapter - Downloaded https://repo.spring.io/snapshot/org/springframework/boot/spring-boot-http-converter/4.0.2-SNAPSHOT/spring-boot-http-converter-4.0.2-20260108.020442-26.jar
2026-01-08 14:15:12,888 [BasicRepositoryConnector-repo.spring.io-0-4] INFO  o.e.m.c.i.e.AbstractTransferListenerAdapter - Downloading https://repo.spring.io/snapshot/org/springframework/boot/spring-boot-starter-webmvc-test/4.0.2-SNAPSHOT/spring-boot-starter-webmvc-test-4.0.2-20260108.020442-26.jar
2026-01-08 14:15:12,904 [BasicRepositoryConnector-repo.spring.io-0-4] INFO  o.e.m.c.i.e.AbstractTransferListenerAdapter - Downloaded https://repo.spring.io/snapshot/org/springframework/boot/spring-boot-starter-webmvc-test/4.0.2-SNAPSHOT/spring-boot-starter-webmvc-test-4.0.2-20260108.020442-26.jar
2026-01-08 14:15:12,932 [BasicRepositoryConnector-repo.spring.io-0-3] INFO  o.e.m.c.i.e.AbstractTransferListenerAdapter - Downloading https://repo.spring.io/snapshot/org/springframework/boot/spring-boot/4.0.2-SNAPSHOT/spring-boot-4.0.2-20260108.020442-26.jar
2026-01-08 14:15:13,158 [BasicRepositoryConnector-repo.spring.io-0-0] INFO  o.e.m.c.i.e.AbstractTransferListenerAdapter - Downloading https://repo.spring.io/snapshot/org/springframework/boot/spring-boot-starter-jackson-test/4.0.2-SNAPSHOT/spring-boot-starter-jackson-test-4.0.2-20260108.020442-26.jar
2026-01-08 14:15:13,182 [BasicRepositoryConnector-repo.spring.io-0-0] INFO  o.e.m.c.i.e.AbstractTransferListenerAdapter - Downloaded https://repo.spring.io/snapshot/org/springframework/boot/spring-boot-starter-jackson-test/4.0.2-SNAPSHOT/spring-boot-starter-jackson-test-4.0.2-20260108.020442-26.jar
2026-01-08 14:15:13,345 [BasicRepositoryConnector-repo.spring.io-0-4] INFO  o.e.m.c.i.e.AbstractTransferListenerAdapter - Downloading https://repo.spring.io/snapshot/org/springframework/boot/spring-boot-starter-test/4.0.2-SNAPSHOT/spring-boot-starter-test-4.0.2-20260108.020442-26.jar
2026-01-08 14:15:13,379 [BasicRepositoryConnector-repo.spring.io-0-1] INFO  o.e.m.c.i.e.AbstractTransferListenerAdapter - Downloaded https://repo.spring.io/snapshot/org/springframework/boot/spring-boot-webmvc/4.0.2-SNAPSHOT/spring-boot-webmvc-4.0.2-20260108.020442-26.jar
2026-01-08 14:15:13,383 [BasicRepositoryConnector-repo.spring.io-0-4] INFO  o.e.m.c.i.e.AbstractTransferListenerAdapter - Downloaded https://repo.spring.io/snapshot/org/springframework/boot/spring-boot-starter-test/4.0.2-SNAPSHOT/spring-boot-starter-test-4.0.2-20260108.020442-26.jar
2026-01-08 14:15:13,707 [BasicRepositoryConnector-repo.spring.io-0-4] INFO  o.e.m.c.i.e.AbstractTransferListenerAdapter - Downloading https://repo.spring.io/snapshot/org/springframework/boot/spring-boot-webmvc-test/4.0.2-SNAPSHOT/spring-boot-webmvc-test-4.0.2-20260108.020442-26.jar
2026-01-08 14:15:13,721 [BasicRepositoryConnector-repo.spring.io-0-1] INFO  o.e.m.c.i.e.AbstractTransferListenerAdapter - Downloading https://repo.spring.io/snapshot/org/springframework/boot/spring-boot-test-autoconfigure/4.0.2-SNAPSHOT/spring-boot-test-autoconfigure-4.0.2-20260108.020442-26.jar
2026-01-08 14:15:13,736 [BasicRepositoryConnector-repo.spring.io-0-4] INFO  o.e.m.c.i.e.AbstractTransferListenerAdapter - Downloaded https://repo.spring.io/snapshot/org/springframework/boot/spring-boot-webmvc-test/4.0.2-SNAPSHOT/spring-boot-webmvc-test-4.0.2-20260108.020442-26.jar
2026-01-08 14:15:13,739 [BasicRepositoryConnector-repo.spring.io-0-1] INFO  o.e.m.c.i.e.AbstractTransferListenerAdapter - Downloaded https://repo.spring.io/snapshot/org/springframework/boot/spring-boot-test-autoconfigure/4.0.2-SNAPSHOT/spring-boot-test-autoconfigure-4.0.2-20260108.020442-26.jar
2026-01-08 14:15:14,215 [BasicRepositoryConnector-repo.spring.io-0-1] INFO  o.e.m.c.i.e.AbstractTransferListenerAdapter - Downloading https://repo.spring.io/snapshot/org/springframework/boot/spring-boot-resttestclient/4.0.2-SNAPSHOT/spring-boot-resttestclient-4.0.2-20260108.020442-26.jar
2026-01-08 14:15:14,254 [BasicRepositoryConnector-repo.spring.io-0-4] INFO  o.e.m.c.i.e.AbstractTransferListenerAdapter - Downloading https://repo.spring.io/snapshot/org/springframework/boot/spring-boot-web-server/4.0.2-SNAPSHOT/spring-boot-web-server-4.0.2-20260108.020442-26.jar
2026-01-08 14:15:14,283 [BasicRepositoryConnector-repo.spring.io-0-1] INFO  o.e.m.c.i.e.AbstractTransferListenerAdapter - Downloaded https://repo.spring.io/snapshot/org/springframework/boot/spring-boot-resttestclient/4.0.2-SNAPSHOT/spring-boot-resttestclient-4.0.2-20260108.020442-26.jar
2026-01-08 14:15:14,712 [BasicRepositoryConnector-repo.spring.io-0-2] INFO  o.e.m.c.i.e.AbstractTransferListenerAdapter - Downloaded https://repo.spring.io/snapshot/org/springframework/boot/spring-boot-autoconfigure/4.0.2-SNAPSHOT/spring-boot-autoconfigure-4.0.2-20260108.020442-26.jar
2026-01-08 14:15:14,802 [BasicRepositoryConnector-repo.spring.io-0-0] INFO  o.e.m.c.i.e.AbstractTransferListenerAdapter - Downloading https://repo.spring.io/snapshot/org/springframework/boot/spring-boot-test/4.0.2-SNAPSHOT/spring-boot-test-4.0.2-20260108.020442-26.jar
2026-01-08 14:15:14,809 [BasicRepositoryConnector-repo.spring.io-0-4] INFO  o.e.m.c.i.e.AbstractTransferListenerAdapter - Downloaded https://repo.spring.io/snapshot/org/springframework/boot/spring-boot-web-server/4.0.2-SNAPSHOT/spring-boot-web-server-4.0.2-20260108.020442-26.jar
2026-01-08 14:15:16,567 [BasicRepositoryConnector-repo.spring.io-0-0] INFO  o.e.m.c.i.e.AbstractTransferListenerAdapter - Downloaded https://repo.spring.io/snapshot/org/springframework/boot/spring-boot-test/4.0.2-SNAPSHOT/spring-boot-test-4.0.2-20260108.020442-26.jar
2026-01-08 14:15:16,658 [BasicRepositoryConnector-repo.spring.io-0-3] INFO  o.e.m.c.i.e.AbstractTransferListenerAdapter - Downloaded https://repo.spring.io/snapshot/org/springframework/boot/spring-boot/4.0.2-SNAPSHOT/spring-boot-4.0.2-20260108.020442-26.jar
2026-01-08 14:15:18,282 [Worker-5: Import Getting Started Content] INFO  o.e.m.j.i.AbstractJavaProjectConfigurator - Adding source folder /codeassigements/src/main/java
2026-01-08 14:15:18,285 [Worker-5: Import Getting Started Content] INFO  o.e.m.j.i.AbstractJavaProjectConfigurator - Adding resource folder /codeassigements/src/main/resources
2026-01-08 14:15:18,294 [Worker-5: Import Getting Started Content] INFO  o.e.m.j.i.AbstractJavaProjectConfigurator - Adding resource folder /codeassigements/src/main/resources
2026-01-08 14:15:18,332 [Worker-5: Import Getting Started Content] INFO  o.e.m.j.i.AbstractJavaProjectConfigurator - Adding source folder /codeassigements/src/test/java
2026-01-08 14:15:18,333 [Worker-5: Import Getting Started Content] INFO  o.e.m.j.i.AbstractJavaProjectConfigurator - Adding resource folder /codeassigements/src/test/resources
2026-01-08 14:15:19,301 [Worker-5: Import Getting Started Content] INFO  o.e.m.c.i.p.ProjectConfigurationManager - Imported and configured 1 project(s) in 45 sec
2026-01-08 14:15:19,306 [Worker-5: Import Getting Started Content] INFO  o.e.m.c.i.p.ProjectConfigurationManager - Update started
2026-01-08 14:15:20,222 [Worker-5: Import Getting Started Content] INFO  o.e.m.c.i.l.LifecycleMappingFactory - Using org.eclipse.m2e.jdt.JarLifecycleMapping lifecycle mapping for MavenProject: com.codeassigements:codeassigements:0.0.1-SNAPSHOT @ D:\CodingAssignment\project\codeassigements\pom.xml.
2026-01-08 14:15:20,226 [Worker-4: Download sources and javadoc] INFO  o.e.m.c.i.e.AbstractTransferListenerAdapter - Downloading https://repo.spring.io/snapshot/org/springframework/boot/spring-boot-starter-webmvc/4.0.2-SNAPSHOT/spring-boot-starter-webmvc-4.0.2-20260108.020442-26-sources.jar
2026-01-08 14:15:20,282 [Worker-4: Download sources and javadoc] INFO  o.e.m.c.i.e.AbstractTransferListenerAdapter - Downloaded https://repo.spring.io/snapshot/org/springframework/boot/spring-boot-starter-webmvc/4.0.2-SNAPSHOT/spring-boot-starter-webmvc-4.0.2-20260108.020442-26-sources.jar
2026-01-08 14:15:20,292 [Worker-4: Download sources and javadoc] INFO  o.e.m.j.internal.DownloadSourcesJob - Downloaded sources for org.springframework.boot:spring-boot-starter-webmvc:4.0.2-SNAPSHOT
2026-01-08 14:15:21,449 [Worker-5: Import Getting Started Content] INFO  o.e.m.j.i.AbstractJavaProjectConfigurator - Adding source folder /codeassigements/src/main/java
2026-01-08 14:15:21,450 [Worker-5: Import Getting Started Content] INFO  o.e.m.j.i.AbstractJavaProjectConfigurator - Adding resource folder /codeassigements/src/main/resources
2026-01-08 14:15:21,451 [Worker-5: Import Getting Started Content] INFO  o.e.m.j.i.AbstractJavaProjectConfigurator - Adding resource folder /codeassigements/src/main/resources
2026-01-08 14:15:21,452 [Worker-5: Import Getting Started Content] INFO  o.e.m.j.i.AbstractJavaProjectConfigurator - Adding source folder /codeassigements/src/test/java
2026-01-08 14:15:21,453 [Worker-5: Import Getting Started Content] INFO  o.e.m.j.i.AbstractJavaProjectConfigurator - Adding resource folder /codeassigements/src/test/resources
2026-01-08 14:15:22,075 [Worker-5: Import Getting Started Content] INFO  o.e.m.c.i.p.ProjectConfigurationManager - Update completed for 1 poms: local refresh takes 0.00 sec, refresh facades takes 2.00 sec, update config takes 0.00 sec 
2026-01-08 14:15:22,447 [Worker-4: Download sources and javadoc] INFO  o.e.m.c.i.e.AbstractTransferListenerAdapter - Downloading https://repo.spring.io/snapshot/org/springframework/boot/spring-boot-starter/4.0.2-SNAPSHOT/spring-boot-starter-4.0.2-20260108.020442-26-sources.jar
2026-01-08 14:15:22,460 [Worker-4: Download sources and javadoc] INFO  o.e.m.c.i.e.AbstractTransferListenerAdapter - Downloaded https://repo.spring.io/snapshot/org/springframework/boot/spring-boot-starter/4.0.2-SNAPSHOT/spring-boot-starter-4.0.2-20260108.020442-26-sources.jar
2026-01-08 14:15:22,468 [Worker-4: Download sources and javadoc] INFO  o.e.m.j.internal.DownloadSourcesJob - Downloaded sources for org.springframework.boot:spring-boot-starter:4.0.2-SNAPSHOT
2026-01-08 14:15:23,774 [Worker-4: Download sources and javadoc] INFO  o.e.m.c.i.e.AbstractTransferListenerAdapter - Downloading https://repo.spring.io/snapshot/org/springframework/boot/spring-boot-starter-logging/4.0.2-SNAPSHOT/spring-boot-starter-logging-4.0.2-20260108.020442-26-sources.jar
2026-01-08 14:15:23,783 [Worker-4: Download sources and javadoc] INFO  o.e.m.c.i.e.AbstractTransferListenerAdapter - Downloaded https://repo.spring.io/snapshot/org/springframework/boot/spring-boot-starter-logging/4.0.2-SNAPSHOT/spring-boot-starter-logging-4.0.2-20260108.020442-26-sources.jar
2026-01-08 14:15:23,792 [Worker-4: Download sources and javadoc] INFO  o.e.m.j.internal.DownloadSourcesJob - Downloaded sources for org.springframework.boot:spring-boot-starter-logging:4.0.2-SNAPSHOT
2026-01-08 14:15:24,565 [Worker-6: Building] INFO  o.a.m.s.f.DefaultMavenResourcesFiltering - Copying 1 resource from src\main\resources to target\classes
2026-01-08 14:15:24,618 [Worker-6: Building] INFO  o.a.m.s.f.DefaultMavenResourcesFiltering - Copying 0 resource from src\main\resources to target\classes
2026-01-08 14:15:24,626 [Worker-6: Building] INFO  o.a.m.s.f.DefaultMavenResourcesFiltering - skip non existing resourceDirectory D:\CodingAssignment\project\codeassigements\src\test\resources
2026-01-08 14:15:26,477 [Worker-4: Download sources and javadoc] INFO  o.e.m.c.i.e.AbstractTransferListenerAdapter - Downloading https://repo.spring.io/snapshot/org/springframework/boot/spring-boot-autoconfigure/4.0.2-SNAPSHOT/spring-boot-autoconfigure-4.0.2-20260108.020442-26-sources.jar
2026-01-08 14:15:27,860 [Worker-4: Download sources and javadoc] INFO  o.e.m.c.i.e.AbstractTransferListenerAdapter - Downloaded https://repo.spring.io/snapshot/org/springframework/boot/spring-boot-autoconfigure/4.0.2-SNAPSHOT/spring-boot-autoconfigure-4.0.2-20260108.020442-26-sources.jar
2026-01-08 14:15:27,887 [Worker-4: Download sources and javadoc] INFO  o.e.m.j.internal.DownloadSourcesJob - Downloaded sources for org.springframework.boot:spring-boot-autoconfigure:4.0.2-SNAPSHOT
2026-01-08 14:15:30,519 [Worker-4: Download sources and javadoc] INFO  o.e.m.c.i.e.AbstractTransferListenerAdapter - Downloading https://repo.spring.io/snapshot/org/springframework/boot/spring-boot-starter-jackson/4.0.2-SNAPSHOT/spring-boot-starter-jackson-4.0.2-20260108.020442-26-sources.jar
2026-01-08 14:15:30,555 [Worker-4: Download sources and javadoc] INFO  o.e.m.c.i.e.AbstractTransferListenerAdapter - Downloaded https://repo.spring.io/snapshot/org/springframework/boot/spring-boot-starter-jackson/4.0.2-SNAPSHOT/spring-boot-starter-jackson-4.0.2-20260108.020442-26-sources.jar
2026-01-08 14:15:30,578 [Worker-4: Download sources and javadoc] INFO  o.e.m.j.internal.DownloadSourcesJob - Downloaded sources for org.springframework.boot:spring-boot-starter-jackson:4.0.2-SNAPSHOT
2026-01-08 14:15:32,360 [Worker-4: Download sources and javadoc] INFO  o.e.m.c.i.e.AbstractTransferListenerAdapter - Downloading https://repo.spring.io/snapshot/org/springframework/boot/spring-boot-jackson/4.0.2-SNAPSHOT/spring-boot-jackson-4.0.2-20260108.020442-26-sources.jar
2026-01-08 14:15:33,329 [Worker-4: Download sources and javadoc] INFO  o.e.m.c.i.e.AbstractTransferListenerAdapter - Downloaded https://repo.spring.io/snapshot/org/springframework/boot/spring-boot-jackson/4.0.2-SNAPSHOT/spring-boot-jackson-4.0.2-20260108.020442-26-sources.jar
2026-01-08 14:15:33,341 [Worker-4: Download sources and javadoc] INFO  o.e.m.j.internal.DownloadSourcesJob - Downloaded sources for org.springframework.boot:spring-boot-jackson:4.0.2-SNAPSHOT
2026-01-08 14:15:34,931 [Worker-4: Download sources and javadoc] INFO  o.e.m.c.i.e.AbstractTransferListenerAdapter - Downloading https://repo.spring.io/snapshot/org/springframework/boot/spring-boot-starter-tomcat/4.0.2-SNAPSHOT/spring-boot-starter-tomcat-4.0.2-20260108.020442-26-sources.jar
2026-01-08 14:15:34,954 [Worker-4: Download sources and javadoc] INFO  o.e.m.c.i.e.AbstractTransferListenerAdapter - Downloaded https://repo.spring.io/snapshot/org/springframework/boot/spring-boot-starter-tomcat/4.0.2-SNAPSHOT/spring-boot-starter-tomcat-4.0.2-20260108.020442-26-sources.jar
2026-01-08 14:15:34,962 [Worker-4: Download sources and javadoc] INFO  o.e.m.j.internal.DownloadSourcesJob - Downloaded sources for org.springframework.boot:spring-boot-starter-tomcat:4.0.2-SNAPSHOT
2026-01-08 14:15:36,660 [Worker-4: Download sources and javadoc] INFO  o.e.m.c.i.e.AbstractTransferListenerAdapter - Downloading https://repo.spring.io/snapshot/org/springframework/boot/spring-boot-starter-tomcat-runtime/4.0.2-SNAPSHOT/spring-boot-starter-tomcat-runtime-4.0.2-20260108.020442-26-sources.jar
2026-01-08 14:15:36,686 [Worker-4: Download sources and javadoc] INFO  o.e.m.c.i.e.AbstractTransferListenerAdapter - Downloaded https://repo.spring.io/snapshot/org/springframework/boot/spring-boot-starter-tomcat-runtime/4.0.2-SNAPSHOT/spring-boot-starter-tomcat-runtime-4.0.2-20260108.020442-26-sources.jar
2026-01-08 14:15:36,695 [Worker-4: Download sources and javadoc] INFO  o.e.m.j.internal.DownloadSourcesJob - Downloaded sources for org.springframework.boot:spring-boot-starter-tomcat-runtime:4.0.2-SNAPSHOT
2026-01-08 14:15:38,235 [Worker-10: Building] INFO  o.e.m.c.i.l.LifecycleMappingFactory - Using org.eclipse.m2e.jdt.JarLifecycleMapping lifecycle mapping for MavenProject: com.codeassigements:codeassigements:0.0.1-SNAPSHOT @ D:\CodingAssignment\project\codeassigements\pom.xml.
2026-01-08 14:15:38,422 [Worker-4: Download sources and javadoc] INFO  o.e.m.c.i.e.AbstractTransferListenerAdapter - Downloading https://repo.spring.io/snapshot/org/springframework/boot/spring-boot-tomcat/4.0.2-SNAPSHOT/spring-boot-tomcat-4.0.2-20260108.020442-26-sources.jar
2026-01-08 14:15:39,153 [Worker-4: Download sources and javadoc] INFO  o.e.m.c.i.e.AbstractTransferListenerAdapter - Downloaded https://repo.spring.io/snapshot/org/springframework/boot/spring-boot-tomcat/4.0.2-SNAPSHOT/spring-boot-tomcat-4.0.2-20260108.020442-26-sources.jar
2026-01-08 14:15:39,164 [Worker-4: Download sources and javadoc] INFO  o.e.m.j.internal.DownloadSourcesJob - Downloaded sources for org.springframework.boot:spring-boot-tomcat:4.0.2-SNAPSHOT
2026-01-08 14:15:39,555 [Worker-10: Building] INFO  o.a.m.s.f.DefaultMavenResourcesFiltering - Copying 0 resource from src\main\resources to target\classes
2026-01-08 14:15:39,556 [Worker-10: Building] INFO  o.a.m.s.f.DefaultMavenResourcesFiltering - Copying 0 resource from src\main\resources to target\classes
2026-01-08 14:15:39,563 [Worker-10: Building] INFO  o.a.m.s.f.DefaultMavenResourcesFiltering - skip non existing resourceDirectory D:\CodingAssignment\project\codeassigements\src\test\resources
2026-01-08 14:15:40,530 [Worker-4: Download sources and javadoc] INFO  o.e.m.c.i.e.AbstractTransferListenerAdapter - Downloading https://repo.spring.io/snapshot/org/springframework/boot/spring-boot-http-converter/4.0.2-SNAPSHOT/spring-boot-http-converter-4.0.2-20260108.020442-26-sources.jar
2026-01-08 14:15:40,863 [Worker-4: Download sources and javadoc] INFO  o.e.m.c.i.e.AbstractTransferListenerAdapter - Downloaded https://repo.spring.io/snapshot/org/springframework/boot/spring-boot-http-converter/4.0.2-SNAPSHOT/spring-boot-http-converter-4.0.2-20260108.020442-26-sources.jar
2026-01-08 14:15:40,880 [Worker-4: Download sources and javadoc] INFO  o.e.m.j.internal.DownloadSourcesJob - Downloaded sources for org.springframework.boot:spring-boot-http-converter:4.0.2-SNAPSHOT
2026-01-08 14:15:43,729 [Worker-4: Download sources and javadoc] INFO  o.e.m.c.i.e.AbstractTransferListenerAdapter - Downloading https://repo.spring.io/snapshot/org/springframework/boot/spring-boot/4.0.2-SNAPSHOT/spring-boot-4.0.2-20260108.020442-26-sources.jar
2026-01-08 14:15:46,296 [Worker-4: Download sources and javadoc] INFO  o.e.m.c.i.e.AbstractTransferListenerAdapter - Downloaded https://repo.spring.io/snapshot/org/springframework/boot/spring-boot/4.0.2-SNAPSHOT/spring-boot-4.0.2-20260108.020442-26-sources.jar
2026-01-08 14:15:46,320 [Worker-4: Download sources and javadoc] INFO  o.e.m.j.internal.DownloadSourcesJob - Downloaded sources for org.springframework.boot:spring-boot:4.0.2-SNAPSHOT
2026-01-08 14:15:48,029 [Worker-4: Download sources and javadoc] INFO  o.e.m.c.i.e.AbstractTransferListenerAdapter - Downloading https://repo.spring.io/snapshot/org/springframework/boot/spring-boot-webmvc/4.0.2-SNAPSHOT/spring-boot-webmvc-4.0.2-20260108.020442-26-sources.jar
2026-01-08 14:15:49,083 [Worker-4: Download sources and javadoc] INFO  o.e.m.c.i.e.AbstractTransferListenerAdapter - Downloaded https://repo.spring.io/snapshot/org/springframework/boot/spring-boot-webmvc/4.0.2-SNAPSHOT/spring-boot-webmvc-4.0.2-20260108.020442-26-sources.jar
2026-01-08 14:15:49,107 [Worker-4: Download sources and javadoc] INFO  o.e.m.j.internal.DownloadSourcesJob - Downloaded sources for org.springframework.boot:spring-boot-webmvc:4.0.2-SNAPSHOT
2026-01-08 14:15:50,899 [Worker-4: Download sources and javadoc] INFO  o.e.m.c.i.e.AbstractTransferListenerAdapter - Downloading https://repo.spring.io/snapshot/org/springframework/boot/spring-boot-servlet/4.0.2-SNAPSHOT/spring-boot-servlet-4.0.2-20260108.020442-26-sources.jar
2026-01-08 14:15:51,966 [Worker-4: Download sources and javadoc] INFO  o.e.m.c.i.e.AbstractTransferListenerAdapter - Downloaded https://repo.spring.io/snapshot/org/springframework/boot/spring-boot-servlet/4.0.2-SNAPSHOT/spring-boot-servlet-4.0.2-20260108.020442-26-sources.jar
2026-01-08 14:15:51,986 [Worker-4: Download sources and javadoc] INFO  o.e.m.j.internal.DownloadSourcesJob - Downloaded sources for org.springframework.boot:spring-boot-servlet:4.0.2-SNAPSHOT
2026-01-08 14:15:54,788 [Worker-4: Download sources and javadoc] INFO  o.e.m.c.i.e.AbstractTransferListenerAdapter - Downloading https://repo.spring.io/snapshot/org/springframework/boot/spring-boot-starter-webmvc-test/4.0.2-SNAPSHOT/spring-boot-starter-webmvc-test-4.0.2-20260108.020442-26-sources.jar
2026-01-08 14:15:54,820 [Worker-4: Download sources and javadoc] INFO  o.e.m.c.i.e.AbstractTransferListenerAdapter - Downloaded https://repo.spring.io/snapshot/org/springframework/boot/spring-boot-starter-webmvc-test/4.0.2-SNAPSHOT/spring-boot-starter-webmvc-test-4.0.2-20260108.020442-26-sources.jar
2026-01-08 14:15:54,830 [Worker-4: Download sources and javadoc] INFO  o.e.m.j.internal.DownloadSourcesJob - Downloaded sources for org.springframework.boot:spring-boot-starter-webmvc-test:4.0.2-SNAPSHOT
2026-01-08 14:15:56,647 [Worker-4: Download sources and javadoc] INFO  o.e.m.c.i.e.AbstractTransferListenerAdapter - Downloading https://repo.spring.io/snapshot/org/springframework/boot/spring-boot-starter-jackson-test/4.0.2-SNAPSHOT/spring-boot-starter-jackson-test-4.0.2-20260108.020442-26-sources.jar
2026-01-08 14:15:56,670 [Worker-4: Download sources and javadoc] INFO  o.e.m.c.i.e.AbstractTransferListenerAdapter - Downloaded https://repo.spring.io/snapshot/org/springframework/boot/spring-boot-starter-jackson-test/4.0.2-SNAPSHOT/spring-boot-starter-jackson-test-4.0.2-20260108.020442-26-sources.jar
2026-01-08 14:15:56,683 [Worker-4: Download sources and javadoc] INFO  o.e.m.j.internal.DownloadSourcesJob - Downloaded sources for org.springframework.boot:spring-boot-starter-jackson-test:4.0.2-SNAPSHOT
2026-01-08 14:15:58,336 [Worker-4: Download sources and javadoc] INFO  o.e.m.c.i.e.AbstractTransferListenerAdapter - Downloading https://repo.spring.io/snapshot/org/springframework/boot/spring-boot-starter-test/4.0.2-SNAPSHOT/spring-boot-starter-test-4.0.2-20260108.020442-26-sources.jar
2026-01-08 14:15:58,362 [Worker-4: Download sources and javadoc] INFO  o.e.m.c.i.e.AbstractTransferListenerAdapter - Downloaded https://repo.spring.io/snapshot/org/springframework/boot/spring-boot-starter-test/4.0.2-SNAPSHOT/spring-boot-starter-test-4.0.2-20260108.020442-26-sources.jar
2026-01-08 14:15:58,373 [Worker-4: Download sources and javadoc] INFO  o.e.m.j.internal.DownloadSourcesJob - Downloaded sources for org.springframework.boot:spring-boot-starter-test:4.0.2-SNAPSHOT
2026-01-08 14:16:00,852 [Worker-4: Download sources and javadoc] INFO  o.e.m.c.i.e.AbstractTransferListenerAdapter - Downloading https://repo.spring.io/snapshot/org/springframework/boot/spring-boot-test/4.0.2-SNAPSHOT/spring-boot-test-4.0.2-20260108.020442-26-sources.jar
2026-01-08 14:16:06,167 [Worker-4: Download sources and javadoc] INFO  o.e.m.c.i.e.AbstractTransferListenerAdapter - Downloaded https://repo.spring.io/snapshot/org/springframework/boot/spring-boot-test/4.0.2-SNAPSHOT/spring-boot-test-4.0.2-20260108.020442-26-sources.jar
2026-01-08 14:16:06,187 [Worker-4: Download sources and javadoc] INFO  o.e.m.j.internal.DownloadSourcesJob - Downloaded sources for org.springframework.boot:spring-boot-test:4.0.2-SNAPSHOT
2026-01-08 14:16:07,690 [Worker-4: Download sources and javadoc] INFO  o.e.m.c.i.e.AbstractTransferListenerAdapter - Downloading https://repo.spring.io/snapshot/org/springframework/boot/spring-boot-test-autoconfigure/4.0.2-SNAPSHOT/spring-boot-test-autoconfigure-4.0.2-20260108.020442-26-sources.jar
2026-01-08 14:16:08,238 [Worker-4: Download sources and javadoc] INFO  o.e.m.c.i.e.AbstractTransferListenerAdapter - Downloaded https://repo.spring.io/snapshot/org/springframework/boot/spring-boot-test-autoconfigure/4.0.2-SNAPSHOT/spring-boot-test-autoconfigure-4.0.2-20260108.020442-26-sources.jar
2026-01-08 14:16:08,259 [Worker-4: Download sources and javadoc] INFO  o.e.m.j.internal.DownloadSourcesJob - Downloaded sources for org.springframework.boot:spring-boot-test-autoconfigure:4.0.2-SNAPSHOT
2026-01-08 14:16:09,861 [Worker-4: Download sources and javadoc] INFO  o.e.m.c.i.e.AbstractTransferListenerAdapter - Downloading https://repo.spring.io/snapshot/org/springframework/boot/spring-boot-webmvc-test/4.0.2-SNAPSHOT/spring-boot-webmvc-test-4.0.2-20260108.020442-26-sources.jar
2026-01-08 14:16:10,346 [Worker-4: Download sources and javadoc] INFO  o.e.m.c.i.e.AbstractTransferListenerAdapter - Downloaded https://repo.spring.io/snapshot/org/springframework/boot/spring-boot-webmvc-test/4.0.2-SNAPSHOT/spring-boot-webmvc-test-4.0.2-20260108.020442-26-sources.jar
2026-01-08 14:16:10,382 [Worker-4: Download sources and javadoc] INFO  o.e.m.j.internal.DownloadSourcesJob - Downloaded sources for org.springframework.boot:spring-boot-webmvc-test:4.0.2-SNAPSHOT
2026-01-08 14:16:11,838 [Worker-4: Download sources and javadoc] INFO  o.e.m.c.i.e.AbstractTransferListenerAdapter - Downloading https://repo.spring.io/snapshot/org/springframework/boot/spring-boot-web-server/4.0.2-SNAPSHOT/spring-boot-web-server-4.0.2-20260108.020442-26-sources.jar
2026-01-08 14:16:13,037 [Worker-4: Download sources and javadoc] INFO  o.e.m.c.i.e.AbstractTransferListenerAdapter - Downloaded https://repo.spring.io/snapshot/org/springframework/boot/spring-boot-web-server/4.0.2-SNAPSHOT/spring-boot-web-server-4.0.2-20260108.020442-26-sources.jar
2026-01-08 14:16:13,063 [Worker-4: Download sources and javadoc] INFO  o.e.m.j.internal.DownloadSourcesJob - Downloaded sources for org.springframework.boot:spring-boot-web-server:4.0.2-SNAPSHOT
2026-01-08 14:16:16,368 [Worker-4: Download sources and javadoc] INFO  o.e.m.c.i.e.AbstractTransferListenerAdapter - Downloading https://repo.spring.io/snapshot/org/springframework/boot/spring-boot-resttestclient/4.0.2-SNAPSHOT/spring-boot-resttestclient-4.0.2-20260108.020442-26-sources.jar
2026-01-08 14:16:16,712 [Worker-4: Download sources and javadoc] INFO  o.e.m.c.i.e.AbstractTransferListenerAdapter - Downloaded https://repo.spring.io/snapshot/org/springframework/boot/spring-boot-resttestclient/4.0.2-SNAPSHOT/spring-boot-resttestclient-4.0.2-20260108.020442-26-sources.jar
2026-01-08 14:16:16,756 [Worker-4: Download sources and javadoc] INFO  o.e.m.j.internal.DownloadSourcesJob - Downloaded sources for org.springframework.boot:spring-boot-resttestclient:4.0.2-SNAPSHOT
2026-01-08 14:24:27,926 [Worker-5: Building] INFO  o.a.m.s.f.DefaultMavenResourcesFiltering - Copying 1 resource from src\main\resources to target\classes
2026-01-08 14:24:27,957 [Worker-5: Building] INFO  o.a.m.s.f.DefaultMavenResourcesFiltering - Copying 0 resource from src\main\resources to target\classes
2026-01-08 14:24:27,961 [Worker-5: Building] INFO  o.a.m.s.f.DefaultMavenResourcesFiltering - skip non existing resourceDirectory D:\CodingAssignment\project\codeassigements\src\test\resources
2026-01-08 14:26:07,261 [Worker-11: Building] INFO  o.a.m.s.f.DefaultMavenResourcesFiltering - Copying 1 resource from src\main\resources to target\classes
2026-01-08 14:26:07,268 [Worker-11: Building] INFO  o.a.m.s.f.DefaultMavenResourcesFiltering - Copying 0 resource from src\main\resources to target\classes
2026-01-08 14:26:07,276 [Worker-11: Building] INFO  o.a.m.s.f.DefaultMavenResourcesFiltering - skip non existing resourceDirectory D:\CodingAssignment\project\codeassigements\src\test\resources
2026-01-08 14:29:03,118 [Worker-6: Building] INFO  o.a.m.s.f.DefaultMavenResourcesFiltering - Copying 1 resource from src\main\resources to target\classes
2026-01-08 14:29:03,124 [Worker-6: Building] INFO  o.a.m.s.f.DefaultMavenResourcesFiltering - Copying 0 resource from src\main\resources to target\classes
2026-01-08 14:29:03,132 [Worker-6: Building] INFO  o.a.m.s.f.DefaultMavenResourcesFiltering - skip non existing resourceDirectory D:\CodingAssignment\project\codeassigements\src\test\resources
2026-01-08 14:30:09,368 [Worker-11: Building] INFO  o.e.m.c.i.l.LifecycleMappingFactory - Using org.eclipse.m2e.jdt.JarLifecycleMapping lifecycle mapping for MavenProject: com.codeassigements:codeassigements:0.0.1-SNAPSHOT @ D:\CodingAssignment\project\codeassigements\pom.xml.
2026-01-08 14:30:11,022 [Worker-11: Building] INFO  o.a.m.s.f.DefaultMavenResourcesFiltering - Copying 0 resource from src\main\resources to target\classes
2026-01-08 14:30:11,023 [Worker-11: Building] INFO  o.a.m.s.f.DefaultMavenResourcesFiltering - Copying 0 resource from src\main\resources to target\classes
2026-01-08 14:30:11,042 [Worker-11: Building] INFO  o.a.m.s.f.DefaultMavenResourcesFiltering - skip non existing resourceDirectory D:\CodingAssignment\project\codeassigements\src\test\resources
2026-01-08 14:30:11,192 [Worker-11: Updating Maven Project] INFO  o.e.m.c.i.p.ProjectConfigurationManager - Update started
2026-01-08 14:30:11,975 [Worker-11: Updating Maven Project] INFO  o.e.m.c.i.l.LifecycleMappingFactory - Using org.eclipse.m2e.jdt.JarLifecycleMapping lifecycle mapping for MavenProject: com.codeassigements:codeassigements:0.0.1-SNAPSHOT @ D:\CodingAssignment\project\codeassigements\pom.xml.
2026-01-08 14:30:13,009 [Worker-11: Updating Maven Project] INFO  o.e.m.j.i.AbstractJavaProjectConfigurator - Adding source folder /codeassigements/src/main/java
2026-01-08 14:30:13,010 [Worker-11: Updating Maven Project] INFO  o.e.m.j.i.AbstractJavaProjectConfigurator - Adding resource folder /codeassigements/src/main/resources
2026-01-08 14:30:13,011 [Worker-11: Updating Maven Project] INFO  o.e.m.j.i.AbstractJavaProjectConfigurator - Adding resource folder /codeassigements/src/main/resources
2026-01-08 14:30:13,011 [Worker-11: Updating Maven Project] INFO  o.e.m.j.i.AbstractJavaProjectConfigurator - Adding source folder /codeassigements/src/test/java
2026-01-08 14:30:13,013 [Worker-11: Updating Maven Project] INFO  o.e.m.j.i.AbstractJavaProjectConfigurator - Adding resource folder /codeassigements/src/test/resources
2026-01-08 14:30:13,897 [Worker-11: Updating Maven Project] INFO  o.e.m.c.i.p.ProjectConfigurationManager - Update completed for 1 poms: local refresh takes 0.00 sec, refresh facades takes 1.00 sec, update config takes 0.00 sec 
2026-01-08 14:30:13,905 [Worker-11: Updating Maven Project] INFO  o.e.m.c.i.p.ProjectConfigurationManager - Update started
2026-01-08 14:30:14,824 [Worker-11: Updating Maven Project] INFO  o.e.m.c.i.l.LifecycleMappingFactory - Using org.eclipse.m2e.jdt.JarLifecycleMapping lifecycle mapping for MavenProject: com.codeassigements:codeassigements:0.0.1-SNAPSHOT @ D:\CodingAssignment\project\codeassigements\pom.xml.
2026-01-08 14:30:15,898 [Worker-11: Updating Maven Project] INFO  o.e.m.j.i.AbstractJavaProjectConfigurator - Adding source folder /codeassigements/src/main/java
2026-01-08 14:30:15,899 [Worker-11: Updating Maven Project] INFO  o.e.m.j.i.AbstractJavaProjectConfigurator - Adding resource folder /codeassigements/src/main/resources
2026-01-08 14:30:15,900 [Worker-11: Updating Maven Project] INFO  o.e.m.j.i.AbstractJavaProjectConfigurator - Adding resource folder /codeassigements/src/main/resources
2026-01-08 14:30:15,903 [Worker-11: Updating Maven Project] INFO  o.e.m.j.i.AbstractJavaProjectConfigurator - Adding source folder /codeassigements/src/test/java
2026-01-08 14:30:15,904 [Worker-11: Updating Maven Project] INFO  o.e.m.j.i.AbstractJavaProjectConfigurator - Adding resource folder /codeassigements/src/test/resources
2026-01-08 14:30:16,651 [Worker-11: Updating Maven Project] INFO  o.e.m.c.i.p.ProjectConfigurationManager - Update completed for 1 poms: local refresh takes 0.00 sec, refresh facades takes 1.00 sec, update config takes 0.00 sec 
2026-01-08 14:30:16,657 [Worker-11: Updating Maven Project] INFO  o.e.m.c.i.p.ProjectConfigurationManager - Update started
2026-01-08 14:30:17,373 [Worker-11: Updating Maven Project] INFO  o.e.m.c.i.l.LifecycleMappingFactory - Using org.eclipse.m2e.jdt.JarLifecycleMapping lifecycle mapping for MavenProject: com.codeassigements:codeassigements:0.0.1-SNAPSHOT @ D:\CodingAssignment\project\codeassigements\pom.xml.
2026-01-08 14:30:18,256 [Worker-11: Updating Maven Project] INFO  o.e.m.j.i.AbstractJavaProjectConfigurator - Adding source folder /codeassigements/src/main/java
2026-01-08 14:30:18,257 [Worker-11: Updating Maven Project] INFO  o.e.m.j.i.AbstractJavaProjectConfigurator - Adding resource folder /codeassigements/src/main/resources
2026-01-08 14:30:18,258 [Worker-11: Updating Maven Project] INFO  o.e.m.j.i.AbstractJavaProjectConfigurator - Adding resource folder /codeassigements/src/main/resources
2026-01-08 14:30:18,258 [Worker-11: Updating Maven Project] INFO  o.e.m.j.i.AbstractJavaProjectConfigurator - Adding source folder /codeassigements/src/test/java
2026-01-08 14:30:18,259 [Worker-11: Updating Maven Project] INFO  o.e.m.j.i.AbstractJavaProjectConfigurator - Adding resource folder /codeassigements/src/test/resources
2026-01-08 14:30:18,791 [Worker-11: Updating Maven Project] INFO  o.e.m.c.i.p.ProjectConfigurationManager - Update completed for 1 poms: local refresh takes 0.00 sec, refresh facades takes 1.00 sec, update config takes 0.00 sec 
2026-01-08 14:30:19,767 [Worker-11: Building] INFO  o.a.m.s.f.DefaultMavenResourcesFiltering - Copying 1 resource from src\main\resources to target\classes
2026-01-08 14:30:19,789 [Worker-11: Building] INFO  o.a.m.s.f.DefaultMavenResourcesFiltering - Copying 0 resource from src\main\resources to target\classes
2026-01-08 14:30:19,796 [Worker-11: Building] INFO  o.a.m.s.f.DefaultMavenResourcesFiltering - skip non existing resourceDirectory D:\CodingAssignment\project\codeassigements\src\test\resources
2026-01-08 14:33:38,333 [Worker-15: Building] INFO  o.a.m.s.f.DefaultMavenResourcesFiltering - Copying 1 resource from src\main\resources to target\classes
2026-01-08 14:33:38,340 [Worker-15: Building] INFO  o.a.m.s.f.DefaultMavenResourcesFiltering - Copying 0 resource from src\main\resources to target\classes
2026-01-08 14:33:38,344 [Worker-15: Building] INFO  o.a.m.s.f.DefaultMavenResourcesFiltering - skip non existing resourceDirectory D:\CodingAssignment\project\codeassigements\src\test\resources
2026-01-08 14:34:03,703 [Worker-15: Building] INFO  o.a.m.s.f.DefaultMavenResourcesFiltering - Copying 1 resource from src\main\resources to target\classes
2026-01-08 14:34:03,709 [Worker-15: Building] INFO  o.a.m.s.f.DefaultMavenResourcesFiltering - Copying 0 resource from src\main\resources to target\classes
2026-01-08 14:34:03,714 [Worker-15: Building] INFO  o.a.m.s.f.DefaultMavenResourcesFiltering - skip non existing resourceDirectory D:\CodingAssignment\project\codeassigements\src\test\resources
